  [1m[35m (223.5ms)[0m  [1m[35mCREATE DATABASE "tutor_backend_development" ENCODING = 'unicode'[0m
  [1m[35m (66.9ms)[0m  [1m[35mCREATE DATABASE "tutor_backend_test" ENCODING = 'unicode'[0m
  [1m[35m (17.2ms)[0m  [1m[35mCREATE TABLE "schema_migrations" ("version" character varying NOT NULL PRIMARY KEY)[0m
  [1m[35m (3.3ms)[0m  [1m[35mCREATE TABLE "ar_internal_metadata" ("key" character varying NOT NULL PRIMARY KEY, "value" character varying, "created_at" timestamp(6) NOT NULL, "updated_at" timestamp(6) NOT NULL)[0m
  [1m[35m (0.7ms)[0m  [1m[34mSELECT pg_try_advisory_lock(6426412876484777610)[0m
  [1m[35m (2.4ms)[0m  [1m[34mSELECT "schema_migrations"."version" FROM "schema_migrations" ORDER BY "schema_migrations"."version" ASC[0m
Migrating to CreateUsers (20210810104554)
  [1m[36mTRANSACTION (0.2ms)[0m  [1m[35mBEGIN[0m
  [1m[35m (37.8ms)[0m  [1m[35mCREATE TABLE "users" ("id" bigserial primary key, "name" character varying, "email" character varying, "subject" character varying, "created_at" timestamp(6) NOT NULL, "updated_at" timestamp(6) NOT NULL)[0m
  [1m[36mActiveRecord::SchemaMigration Create (0.8ms)[0m  [1m[32mINSERT INTO "schema_migrations" ("version") VALUES ($1) RETURNING "version"[0m  [["version", "20210810104554"]]
  [1m[36mTRANSACTION (0.4ms)[0m  [1m[35mCOMMIT[0m
  [1m[36mActiveRecord::InternalMetadata Load (1.4ms)[0m  [1m[34mSELECT "ar_internal_metadata".* FROM "ar_internal_metadata" WHERE "ar_internal_metadata"."key" = $1 LIMIT $2[0m  [["key", "environment"], ["LIMIT", 1]]
  [1m[36mTRANSACTION (0.2ms)[0m  [1m[35mBEGIN[0m
  [1m[36mActiveRecord::InternalMetadata Create (1.5ms)[0m  [1m[32mINSERT INTO "ar_internal_metadata" ("key", "value", "created_at", "updated_at") VALUES ($1, $2, $3, $4) RETURNING "key"[0m  [["key", "environment"], ["value", "development"], ["created_at", "2021-08-10 10:47:00.017616"], ["updated_at", "2021-08-10 10:47:00.017616"]]
  [1m[36mTRANSACTION (0.4ms)[0m  [1m[35mCOMMIT[0m
  [1m[35m (0.4ms)[0m  [1m[34mSELECT pg_advisory_unlock(6426412876484777610)[0m
  [1m[35m (0.5ms)[0m  [1m[34mSELECT "schema_migrations"."version" FROM "schema_migrations" ORDER BY "schema_migrations"."version" ASC[0m
Started GET "/" for ::1 at 2021-08-10 12:47:36 +0200
  [1m[35m (0.9ms)[0m  [1m[34mSELECT "schema_migrations"."version" FROM "schema_migrations" ORDER BY "schema_migrations"."version" ASC[0m
Processing by Rails::WelcomeController#index as HTML
  Rendering .bundle/ruby/2.7.0/gems/railties-6.1.4/lib/rails/templates/rails/welcome/index.html.erb
  Rendered .bundle/ruby/2.7.0/gems/railties-6.1.4/lib/rails/templates/rails/welcome/index.html.erb (Duration: 5.3ms | Allocations: 402)
Completed 200 OK in 15ms (Views: 9.0ms | ActiveRecord: 0.0ms | Allocations: 3435)


  [1m[35m (0.9ms)[0m  [1m[34mSELECT "schema_migrations"."version" FROM "schema_migrations" ORDER BY "schema_migrations"."version" ASC[0m
Started GET "/api/v1/user" for ::1 at 2021-08-10 12:55:33 +0200
  [1m[35m (1.2ms)[0m  [1m[34mSELECT "schema_migrations"."version" FROM "schema_migrations" ORDER BY "schema_migrations"."version" ASC[0m
  
ActionController::RoutingError (No route matches [GET] "/api/v1/user"):
  
Started GET "/api/v1" for ::1 at 2021-08-10 12:56:02 +0200
  
ActionController::RoutingError (No route matches [GET] "/api/v1"):
  
Started GET "/api/v1/users" for ::1 at 2021-08-10 12:56:10 +0200
Processing by Api::V1::UsersController#index as HTML
  [1m[36mUser Load (10.7ms)[0m  [1m[34mSELECT "users".* FROM "users"[0m
  ↳ app/controllers/api/v1/users_controller.rb:8:in `index'
Completed 200 OK in 18ms (Views: 4.8ms | ActiveRecord: 10.7ms | Allocations: 1129)


Started GET "/api/v1/users" for ::1 at 2021-08-10 12:57:44 +0200
  [1m[35m (0.8ms)[0m  [1m[34mSELECT "schema_migrations"."version" FROM "schema_migrations" ORDER BY "schema_migrations"."version" ASC[0m
Processing by Api::V1::UsersController#index as HTML
  [1m[36mUser Load (0.8ms)[0m  [1m[34mSELECT "users".* FROM "users"[0m
  ↳ app/controllers/api/v1/users_controller.rb:8:in `index'
Completed 200 OK in 6ms (Views: 1.2ms | ActiveRecord: 0.8ms | Allocations: 2810)


  [1m[36mTRANSACTION (0.2ms)[0m  [1m[35mBEGIN[0m
  [1m[36mUser Create (10.1ms)[0m  [1m[32mINSERT INTO "users" ("name", "email", "subject", "created_at", "updated_at") VALUES ($1, $2, $3, $4, $5) RETURNING "id"[0m  [["name", "Merryn"], ["email", "Merrynsemail@gmails.com"], ["subject", "indonesian culture"], ["created_at", "2021-08-10 10:58:31.786231"], ["updated_at", "2021-08-10 10:58:31.786231"]]
  [1m[36mTRANSACTION (6.1ms)[0m  [1m[35mCOMMIT[0m
Started GET "/api/v1/users" for ::1 at 2021-08-10 12:58:47 +0200
  [1m[35m (0.9ms)[0m  [1m[34mSELECT "schema_migrations"."version" FROM "schema_migrations" ORDER BY "schema_migrations"."version" ASC[0m
Processing by Api::V1::UsersController#index as HTML
  [1m[36mUser Load (5.3ms)[0m  [1m[34mSELECT "users".* FROM "users"[0m
  ↳ app/controllers/api/v1/users_controller.rb:8:in `index'
Completed 200 OK in 21ms (Views: 5.8ms | ActiveRecord: 10.8ms | Allocations: 6186)


  [1m[35m (0.9ms)[0m  [1m[34mSELECT "schema_migrations"."version" FROM "schema_migrations" ORDER BY "schema_migrations"."version" ASC[0m
  [1m[36mTRANSACTION (0.2ms)[0m  [1m[35mBEGIN[0m
  [1m[36mUser Create (0.8ms)[0m  [1m[32mINSERT INTO "users" ("name", "email", "subject", "created_at", "updated_at") VALUES ($1, $2, $3, $4, $5) RETURNING "id"[0m  [["name", "Merryn"], ["email", "Merrynsemail@gmails.com"], ["subject", "indonesian culture"], ["created_at", "2021-08-10 10:59:26.686336"], ["updated_at", "2021-08-10 10:59:26.686336"]]
  [1m[36mTRANSACTION (4.5ms)[0m  [1m[35mCOMMIT[0m
  [1m[36mTRANSACTION (0.1ms)[0m  [1m[35mBEGIN[0m
  [1m[36mUser Create (0.3ms)[0m  [1m[32mINSERT INTO "users" ("name", "email", "subject", "created_at", "updated_at") VALUES ($1, $2, $3, $4, $5) RETURNING "id"[0m  [["name", "Zsuzsanna"], ["email", "Zsuzsannasemail@gmails.com"], ["subject", "cooking"], ["created_at", "2021-08-10 10:59:26.695005"], ["updated_at", "2021-08-10 10:59:26.695005"]]
  [1m[36mTRANSACTION (0.2ms)[0m  [1m[35mCOMMIT[0m
  [1m[36mTRANSACTION (0.1ms)[0m  [1m[35mBEGIN[0m
  [1m[36mUser Create (0.3ms)[0m  [1m[32mINSERT INTO "users" ("name", "email", "subject", "created_at", "updated_at") VALUES ($1, $2, $3, $4, $5) RETURNING "id"[0m  [["name", "Mike"], ["email", "Mike@gmails.com"], ["subject", "music"], ["created_at", "2021-08-10 10:59:26.697665"], ["updated_at", "2021-08-10 10:59:26.697665"]]
  [1m[36mTRANSACTION (0.3ms)[0m  [1m[35mCOMMIT[0m
Started GET "/api/v1/users" for ::1 at 2021-08-10 12:59:55 +0200
  [1m[35m (0.8ms)[0m  [1m[34mSELECT "schema_migrations"."version" FROM "schema_migrations" ORDER BY "schema_migrations"."version" ASC[0m
Processing by Api::V1::UsersController#index as HTML
  [1m[36mUser Load (0.7ms)[0m  [1m[34mSELECT "users".* FROM "users"[0m
  ↳ app/controllers/api/v1/users_controller.rb:8:in `index'
Completed 200 OK in 16ms (Views: 5.3ms | ActiveRecord: 7.1ms | Allocations: 6482)


Started GET "/api/v1/users" for ::1 at 2021-08-10 13:12:47 +0200
  [1m[35m (1.0ms)[0m  [1m[34mSELECT "schema_migrations"."version" FROM "schema_migrations" ORDER BY "schema_migrations"."version" ASC[0m
  
ActionController::RoutingError (No route matches [GET] "/api/v1/users"):
  
Started GET "/api/users" for ::1 at 2021-08-10 13:12:56 +0200
Processing by Api::UsersController#index as HTML
  [1m[36mUser Load (2.7ms)[0m  [1m[34mSELECT "users".* FROM "users"[0m
  ↳ app/controllers/api/users_controller.rb:8:in `index'
Completed 200 OK in 59ms (Views: 31.2ms | ActiveRecord: 24.4ms | Allocations: 4842)


  [1m[35m (0.1ms)[0m  [1m[34mSELECT pg_try_advisory_lock(6426412876484777610)[0m
  [1m[35m (0.5ms)[0m  [1m[34mSELECT "schema_migrations"."version" FROM "schema_migrations" ORDER BY "schema_migrations"."version" ASC[0m
Migrating to DeviseCreateMembers (20210810145808)
  [1m[36mTRANSACTION (0.1ms)[0m  [1m[35mBEGIN[0m
  [1m[35m (20.4ms)[0m  [1m[35mCREATE TABLE "members" ("id" bigserial primary key, "email" character varying DEFAULT '' NOT NULL, "encrypted_password" character varying DEFAULT '' NOT NULL, "reset_password_token" character varying, "reset_password_sent_at" timestamp, "remember_created_at" timestamp, "created_at" timestamp(6) NOT NULL, "updated_at" timestamp(6) NOT NULL)[0m
  [1m[35m (2.0ms)[0m  [1m[35mCREATE UNIQUE INDEX "index_members_on_email" ON "members" ("email")[0m
  [1m[35m (1.3ms)[0m  [1m[35mCREATE UNIQUE INDEX "index_members_on_reset_password_token" ON "members" ("reset_password_token")[0m
  [1m[36mActiveRecord::SchemaMigration Create (5.2ms)[0m  [1m[32mINSERT INTO "schema_migrations" ("version") VALUES ($1) RETURNING "version"[0m  [["version", "20210810145808"]]
  [1m[36mTRANSACTION (1.5ms)[0m  [1m[35mCOMMIT[0m
  [1m[36mActiveRecord::InternalMetadata Load (5.1ms)[0m  [1m[34mSELECT "ar_internal_metadata".* FROM "ar_internal_metadata" WHERE "ar_internal_metadata"."key" = $1 LIMIT $2[0m  [["key", "environment"], ["LIMIT", 1]]
  [1m[35m (1.9ms)[0m  [1m[34mSELECT pg_advisory_unlock(6426412876484777610)[0m
  [1m[35m (0.4ms)[0m  [1m[34mSELECT "schema_migrations"."version" FROM "schema_migrations" ORDER BY "schema_migrations"."version" ASC[0m
  [1m[36mTRANSACTION (0.3ms)[0m  [1m[35mBEGIN[0m
  [1m[36mMember Exists? (12.0ms)[0m  [1m[34mSELECT 1 AS one FROM "members" WHERE "members"."email" = $1 LIMIT $2[0m  [["email", "test@test.com"], ["LIMIT", 1]]
  [1m[36mMember Create (14.7ms)[0m  [1m[32mINSERT INTO "members" ("email", "encrypted_password", "created_at", "updated_at") VALUES ($1, $2, $3, $4) RETURNING "id"[0m  [["email", "test@test.com"], ["encrypted_password", "$2a$12$5bwX7KDgv.LvowpYge8anOyLNGGzMRorZV33xD224rJOpwVuQtXsm"], ["created_at", "2021-08-10 15:23:09.169922"], ["updated_at", "2021-08-10 15:23:09.169922"]]
  [1m[36mTRANSACTION (2.3ms)[0m  [1m[35mCOMMIT[0m
  [1m[35m (0.7ms)[0m  [1m[34mSELECT pg_try_advisory_lock(6426412876484777610)[0m
  [1m[35m (0.8ms)[0m  [1m[34mSELECT "schema_migrations"."version" FROM "schema_migrations" ORDER BY "schema_migrations"."version" ASC[0m
Migrating to AddAuthenticationTokenToMembers (20210810163352)
  [1m[36mTRANSACTION (0.1ms)[0m  [1m[35mBEGIN[0m
  [1m[35m (8.6ms)[0m  [1m[35mALTER TABLE "members" ADD "authentication_token" character varying(30)[0m
  [1m[35m (4.4ms)[0m  [1m[35mCREATE UNIQUE INDEX "index_members_on_authentication_token" ON "members" ("authentication_token")[0m
  [1m[36mActiveRecord::SchemaMigration Create (0.5ms)[0m  [1m[32mINSERT INTO "schema_migrations" ("version") VALUES ($1) RETURNING "version"[0m  [["version", "20210810163352"]]
  [1m[36mTRANSACTION (1.8ms)[0m  [1m[35mCOMMIT[0m
  [1m[36mActiveRecord::InternalMetadata Load (3.3ms)[0m  [1m[34mSELECT "ar_internal_metadata".* FROM "ar_internal_metadata" WHERE "ar_internal_metadata"."key" = $1 LIMIT $2[0m  [["key", "environment"], ["LIMIT", 1]]
  [1m[35m (0.7ms)[0m  [1m[34mSELECT pg_advisory_unlock(6426412876484777610)[0m
  [1m[35m (0.3ms)[0m  [1m[34mSELECT "schema_migrations"."version" FROM "schema_migrations" ORDER BY "schema_migrations"."version" ASC[0m
  [1m[36mMember Load (1.4ms)[0m  [1m[34mSELECT "members".* FROM "members" ORDER BY "members"."id" ASC LIMIT $1[0m  [["LIMIT", 1]]
  [1m[36mTRANSACTION (1.0ms)[0m  [1m[35mBEGIN[0m
  [1m[36mMember Exists? (1.8ms)[0m  [1m[34mSELECT 1 AS one FROM "members" WHERE "members"."email" = $1 LIMIT $2[0m  [["email", "testt@test.com"], ["LIMIT", 1]]
  [1m[35m (6.5ms)[0m  [1m[34mSELECT COUNT(*) FROM "members" WHERE "members"."authentication_token" = $1[0m  [["authentication_token", "DrdcACH48St4GKPqPA5U"]]
  [1m[36mMember Create (4.3ms)[0m  [1m[32mINSERT INTO "members" ("email", "encrypted_password", "created_at", "updated_at", "authentication_token") VALUES ($1, $2, $3, $4, $5) RETURNING "id"[0m  [["email", "testt@test.com"], ["encrypted_password", "$2a$12$UPFbFwNBmvKHHj.8aWE66OQ5lfbHgXnWvgXpSbqvW35iKrp4gwP9G"], ["created_at", "2021-08-10 16:40:25.854666"], ["updated_at", "2021-08-10 16:40:25.854666"], ["authentication_token", "DrdcACH48St4GKPqPA5U"]]
  [1m[36mTRANSACTION (6.9ms)[0m  [1m[35mCOMMIT[0m
Started GET "/api/users" for ::1 at 2021-08-10 19:03:33 +0200
  [1m[35m (1.3ms)[0m  [1m[34mSELECT "schema_migrations"."version" FROM "schema_migrations" ORDER BY "schema_migrations"."version" ASC[0m
Processing by Api::UsersController#index as HTML
  [1m[36mUser Load (6.2ms)[0m  [1m[34mSELECT "users".* FROM "users"[0m
  ↳ app/controllers/api/users_controller.rb:8:in `index'
Completed 200 OK in 12ms (Views: 1.3ms | ActiveRecord: 6.2ms | Allocations: 2827)


  [1m[35m (0.7ms)[0m  [1m[34mSELECT "schema_migrations"."version" FROM "schema_migrations" ORDER BY "schema_migrations"."version" ASC[0m
  [1m[36mTRANSACTION (0.2ms)[0m  [1m[35mBEGIN[0m
  [1m[36mUser Create (4.3ms)[0m  [1m[32mINSERT INTO "users" ("name", "email", "subject", "created_at", "updated_at") VALUES ($1, $2, $3, $4, $5) RETURNING "id"[0m  [["name", "Merryn"], ["email", "Merrynsemail@gmails.com"], ["subject", "indonesian culture"], ["created_at", "2021-08-10 17:03:56.969535"], ["updated_at", "2021-08-10 17:03:56.969535"]]
  [1m[36mTRANSACTION (0.5ms)[0m  [1m[35mCOMMIT[0m
  [1m[36mTRANSACTION (0.0ms)[0m  [1m[35mBEGIN[0m
  [1m[36mUser Create (0.2ms)[0m  [1m[32mINSERT INTO "users" ("name", "email", "subject", "created_at", "updated_at") VALUES ($1, $2, $3, $4, $5) RETURNING "id"[0m  [["name", "Zsuzsanna"], ["email", "Zsuzsannasemail@gmails.com"], ["subject", "cooking"], ["created_at", "2021-08-10 17:03:56.977365"], ["updated_at", "2021-08-10 17:03:56.977365"]]
  [1m[36mTRANSACTION (0.1ms)[0m  [1m[35mCOMMIT[0m
  [1m[36mTRANSACTION (0.0ms)[0m  [1m[35mBEGIN[0m
  [1m[36mUser Create (0.4ms)[0m  [1m[32mINSERT INTO "users" ("name", "email", "subject", "created_at", "updated_at") VALUES ($1, $2, $3, $4, $5) RETURNING "id"[0m  [["name", "Mike"], ["email", "Mike@gmails.com"], ["subject", "music"], ["created_at", "2021-08-10 17:03:56.979607"], ["updated_at", "2021-08-10 17:03:56.979607"]]
  [1m[36mTRANSACTION (0.1ms)[0m  [1m[35mCOMMIT[0m
Started GET "/api/users" for ::1 at 2021-08-10 19:04:08 +0200
  [1m[35m (6.1ms)[0m  [1m[34mSELECT "schema_migrations"."version" FROM "schema_migrations" ORDER BY "schema_migrations"."version" ASC[0m
Processing by Api::UsersController#index as HTML
  [1m[36mUser Load (4.7ms)[0m  [1m[34mSELECT "users".* FROM "users"[0m
  ↳ app/controllers/api/users_controller.rb:8:in `index'
Completed 200 OK in 20ms (Views: 5.0ms | ActiveRecord: 11.1ms | Allocations: 6405)


  [1m[36mTRANSACTION (0.2ms)[0m  [1m[35mBEGIN[0m
  [1m[36mMember Exists? (1.9ms)[0m  [1m[34mSELECT 1 AS one FROM "members" WHERE "members"."email" = $1 LIMIT $2[0m  [["email", "testt@test.com"], ["LIMIT", 1]]
  [1m[36mTRANSACTION (0.2ms)[0m  [1m[31mROLLBACK[0m
Started GET "/api/users" for ::1 at 2021-08-10 19:16:11 +0200
  [1m[35m (0.9ms)[0m  [1m[34mSELECT "schema_migrations"."version" FROM "schema_migrations" ORDER BY "schema_migrations"."version" ASC[0m
Processing by Api::UsersController#index as HTML
  [1m[36mUser Load (10.4ms)[0m  [1m[34mSELECT "users".* FROM "users"[0m
  ↳ app/controllers/api/users_controller.rb:8:in `index'
Completed 200 OK in 26ms (Views: 5.6ms | ActiveRecord: 15.6ms | Allocations: 6405)


Started GET "/v1/sessions" for ::1 at 2021-08-10 19:31:25 +0200
  
ActionController::RoutingError (No route matches [GET] "/v1/sessions"):
  
Started POST "/v1/sessions" for ::1 at 2021-08-10 19:31:31 +0200
  
ActionController::RoutingError (No route matches [POST] "/v1/sessions"):
  
Started POST "/v1/sessions" for ::1 at 2021-08-10 19:34:24 +0200
  
ActionController::RoutingError (No route matches [POST] "/v1/sessions"):
  
Started POST "/api/users" for ::1 at 2021-08-10 19:34:50 +0200
Processing by Api::UsersController#create as */*
Completed 400 Bad Request in 2ms (Allocations: 142)


  
ActionController::ParameterMissing (param is missing or the value is empty: user
Did you mean?  controller
               action):
  
app/controllers/api/users_controller.rb:49:in `user_params'
app/controllers/api/users_controller.rb:18:in `create'
Started GET "/api/users" for ::1 at 2021-08-10 19:35:00 +0200
Processing by Api::UsersController#index as */*
  [1m[36mUser Load (1.5ms)[0m  [1m[34mSELECT "users".* FROM "users"[0m
  ↳ app/controllers/api/users_controller.rb:8:in `index'
Completed 200 OK in 168ms (Views: 167.2ms | ActiveRecord: 45.0ms | Allocations: 3034)


Started GET "/v1/session" for ::1 at 2021-08-10 19:35:13 +0200
  
ActionController::RoutingError (No route matches [GET] "/v1/session"):
  
Started GET "/v1/sessions" for ::1 at 2021-08-10 19:35:16 +0200
  
ActionController::RoutingError (No route matches [GET] "/v1/sessions"):
  
Started POST "/v1/sessions" for ::1 at 2021-08-10 19:35:42 +0200
  
ActionController::RoutingError (No route matches [POST] "/v1/sessions"):
  
Started POST "/v1/sessions" for ::1 at 2021-08-10 19:37:02 +0200
  
ActionController::RoutingError (No route matches [POST] "/v1/sessions"):
  
Started POST "/sessions" for ::1 at 2021-08-10 19:37:16 +0200
  
ActionController::RoutingError (No route matches [POST] "/sessions"):
  
Started POST "/api/v1/sessions" for ::1 at 2021-08-10 19:37:36 +0200
  
ActionController::RoutingError (No route matches [POST] "/api/v1/sessions"):
  
Started GET "/api/v1/sessions" for ::1 at 2021-08-10 19:38:01 +0200
  
ActionController::RoutingError (No route matches [GET] "/api/v1/sessions"):
  
Started GET "/api/sessions" for ::1 at 2021-08-10 19:44:52 +0200
  
ActionController::RoutingError (No route matches [GET] "/api/sessions"):
  
Started POST "/api/sessions" for ::1 at 2021-08-10 19:46:03 +0200
  
SyntaxError (/Users/mike/Desktop/Makers/final_project/tutorapp/tutor_backend/tutor_backend/app/controllers/api/sessions_controller.rb:1: syntax error, unexpected <<
class SessionsController << ApplicationController
                         ^~
):
  
app/controllers/api/sessions_controller.rb:1: syntax error, unexpected <<
app/controllers/api/sessions_controller.rb:1: syntax error, unexpected <<
Started POST "/api/sessions" for ::1 at 2021-08-10 19:47:20 +0200
  
Zeitwerk::NameError (expected file /Users/mike/Desktop/Makers/final_project/tutorapp/tutor_backend/tutor_backend/app/controllers/api/sessions_controller.rb to define constant Api::SessionsController, but didn't):
  
zeitwerk (2.4.2) lib/zeitwerk/loader/callbacks.rb:18:in `on_file_autoloaded'
zeitwerk (2.4.2) lib/zeitwerk/kernel.rb:27:in `block in require'
zeitwerk (2.4.2) lib/zeitwerk/kernel.rb:26:in `tap'
zeitwerk (2.4.2) lib/zeitwerk/kernel.rb:26:in `require'
activesupport (6.1.4) lib/active_support/inflector/methods.rb:288:in `const_get'
activesupport (6.1.4) lib/active_support/inflector/methods.rb:288:in `block in constantize'
activesupport (6.1.4) lib/active_support/inflector/methods.rb:284:in `each'
activesupport (6.1.4) lib/active_support/inflector/methods.rb:284:in `inject'
activesupport (6.1.4) lib/active_support/inflector/methods.rb:284:in `constantize'
activesupport (6.1.4) lib/active_support/dependencies/zeitwerk_integration.rb:19:in `constantize'
actionpack (6.1.4) lib/action_dispatch/http/request.rb:93:in `controller_class_for'
actionpack (6.1.4) lib/action_dispatch/request/utils.rb:95:in `action_encoding_template'
actionpack (6.1.4) lib/action_dispatch/request/utils.rb:83:in `encode'
actionpack (6.1.4) lib/action_dispatch/request/utils.rb:45:in `set_binary_encoding'
actionpack (6.1.4) lib/action_dispatch/http/parameters.rb:68:in `path_parameters='
actionpack (6.1.4) lib/action_dispatch/journey/router.rb:48:in `block in serve'
actionpack (6.1.4) lib/action_dispatch/journey/router.rb:32:in `each'
actionpack (6.1.4) lib/action_dispatch/journey/router.rb:32:in `serve'
actionpack (6.1.4) lib/action_dispatch/routing/route_set.rb:842:in `call'
warden (1.2.9) lib/warden/manager.rb:36:in `block in call'
warden (1.2.9) lib/warden/manager.rb:34:in `catch'
warden (1.2.9) lib/warden/manager.rb:34:in `call'
rack (2.2.3) lib/rack/etag.rb:27:in `call'
rack (2.2.3) lib/rack/conditional_get.rb:40:in `call'
rack (2.2.3) lib/rack/head.rb:12:in `call'
activerecord (6.1.4) lib/active_record/migration.rb:601:in `call'
actionpack (6.1.4) lib/action_dispatch/middleware/callbacks.rb:27:in `block in call'
activesupport (6.1.4) lib/active_support/callbacks.rb:98:in `run_callbacks'
actionpack (6.1.4) lib/action_dispatch/middleware/callbacks.rb:26:in `call'
actionpack (6.1.4) lib/action_dispatch/middleware/executor.rb:14:in `call'
actionpack (6.1.4) lib/action_dispatch/middleware/actionable_exceptions.rb:18:in `call'
actionpack (6.1.4) lib/action_dispatch/middleware/debug_exceptions.rb:29:in `call'
actionpack (6.1.4) lib/action_dispatch/middleware/show_exceptions.rb:33:in `call'
railties (6.1.4) lib/rails/rack/logger.rb:37:in `call_app'
railties (6.1.4) lib/rails/rack/logger.rb:26:in `block in call'
activesupport (6.1.4) lib/active_support/tagged_logging.rb:99:in `block in tagged'
activesupport (6.1.4) lib/active_support/tagged_logging.rb:37:in `tagged'
activesupport (6.1.4) lib/active_support/tagged_logging.rb:99:in `tagged'
railties (6.1.4) lib/rails/rack/logger.rb:26:in `call'
actionpack (6.1.4) lib/action_dispatch/middleware/remote_ip.rb:81:in `call'
actionpack (6.1.4) lib/action_dispatch/middleware/request_id.rb:26:in `call'
rack (2.2.3) lib/rack/runtime.rb:22:in `call'
activesupport (6.1.4) lib/active_support/cache/strategy/local_cache_middleware.rb:29:in `call'
actionpack (6.1.4) lib/action_dispatch/middleware/executor.rb:14:in `call'
actionpack (6.1.4) lib/action_dispatch/middleware/static.rb:24:in `call'
rack (2.2.3) lib/rack/sendfile.rb:110:in `call'
actionpack (6.1.4) lib/action_dispatch/middleware/host_authorization.rb:98:in `call'
rack-cors (1.1.1) lib/rack/cors.rb:100:in `call'
railties (6.1.4) lib/rails/engine.rb:539:in `call'
puma (5.4.0) lib/puma/configuration.rb:249:in `call'
puma (5.4.0) lib/puma/request.rb:77:in `block in handle_request'
puma (5.4.0) lib/puma/thread_pool.rb:340:in `with_force_shutdown'
puma (5.4.0) lib/puma/request.rb:76:in `handle_request'
puma (5.4.0) lib/puma/server.rb:440:in `process_client'
puma (5.4.0) lib/puma/thread_pool.rb:147:in `block in spawn_thread'
Started GET "/api/sessions" for ::1 at 2021-08-10 19:47:27 +0200
  
ActionController::RoutingError (No route matches [GET] "/api/sessions"):
  
Started POST "/api/session" for ::1 at 2021-08-10 19:47:52 +0200
  
ActionController::RoutingError (No route matches [POST] "/api/session"):
  
Started POST "/api/session" for ::1 at 2021-08-10 19:48:38 +0200
  [1m[35m (1.0ms)[0m  [1m[34mSELECT "schema_migrations"."version" FROM "schema_migrations" ORDER BY "schema_migrations"."version" ASC[0m
  
ActionController::RoutingError (No route matches [POST] "/api/session"):
  
Started GET "/api/users" for ::1 at 2021-08-10 19:49:04 +0200
Processing by Api::UsersController#index as HTML
  [1m[36mUser Load (10.8ms)[0m  [1m[34mSELECT "users".* FROM "users"[0m
  ↳ app/controllers/api/users_controller.rb:8:in `index'
Completed 200 OK in 46ms (Views: 8.3ms | ActiveRecord: 33.0ms | Allocations: 6284)


Started GET "/api/sessions" for ::1 at 2021-08-10 19:49:21 +0200
  
ActionController::RoutingError (No route matches [GET] "/api/sessions"):
  
Started POST "/api/session" for ::1 at 2021-08-10 19:52:23 +0200
  
ActionController::RoutingError (No route matches [POST] "/api/session"):
  
Started GET "/api/session" for ::1 at 2021-08-10 19:52:28 +0200
  
ActionController::RoutingError (No route matches [GET] "/api/session"):
  
  [1m[35m (0.8ms)[0m  [1m[34mSELECT "schema_migrations"."version" FROM "schema_migrations" ORDER BY "schema_migrations"."version" ASC[0m
  [1m[36mTRANSACTION (0.1ms)[0m  [1m[35mBEGIN[0m
  [1m[36mUser Create (3.1ms)[0m  [1m[32mINSERT INTO "users" ("name", "email", "subject", "created_at", "updated_at") VALUES ($1, $2, $3, $4, $5) RETURNING "id"[0m  [["name", "Merryn"], ["email", "Merrynsemail@gmails.com"], ["subject", "indonesian culture"], ["created_at", "2021-08-10 17:54:31.880168"], ["updated_at", "2021-08-10 17:54:31.880168"]]
  [1m[36mTRANSACTION (1.2ms)[0m  [1m[35mCOMMIT[0m
  [1m[36mTRANSACTION (0.0ms)[0m  [1m[35mBEGIN[0m
  [1m[36mUser Create (2.1ms)[0m  [1m[32mINSERT INTO "users" ("name", "email", "subject", "created_at", "updated_at") VALUES ($1, $2, $3, $4, $5) RETURNING "id"[0m  [["name", "Zsuzsanna"], ["email", "Zsuzsannasemail@gmails.com"], ["subject", "cooking"], ["created_at", "2021-08-10 17:54:31.887519"], ["updated_at", "2021-08-10 17:54:31.887519"]]
  [1m[36mTRANSACTION (0.1ms)[0m  [1m[35mCOMMIT[0m
  [1m[36mTRANSACTION (0.0ms)[0m  [1m[35mBEGIN[0m
  [1m[36mUser Create (0.4ms)[0m  [1m[32mINSERT INTO "users" ("name", "email", "subject", "created_at", "updated_at") VALUES ($1, $2, $3, $4, $5) RETURNING "id"[0m  [["name", "Mike"], ["email", "Mike@gmails.com"], ["subject", "music"], ["created_at", "2021-08-10 17:54:31.891839"], ["updated_at", "2021-08-10 17:54:31.891839"]]
  [1m[36mTRANSACTION (0.1ms)[0m  [1m[35mCOMMIT[0m
  [1m[36mTRANSACTION (0.3ms)[0m  [1m[35mBEGIN[0m
  [1m[36mMember Exists? (1.8ms)[0m  [1m[34mSELECT 1 AS one FROM "members" WHERE "members"."email" = $1 LIMIT $2[0m  [["email", "test@testy.com"], ["LIMIT", 1]]
  [1m[35m (2.9ms)[0m  [1m[34mSELECT COUNT(*) FROM "members" WHERE "members"."authentication_token" = $1[0m  [["authentication_token", "BGPBS6VME2DExseKZZg8"]]
  [1m[36mMember Create (1.6ms)[0m  [1m[32mINSERT INTO "members" ("email", "encrypted_password", "created_at", "updated_at", "authentication_token") VALUES ($1, $2, $3, $4, $5) RETURNING "id"[0m  [["email", "test@testy.com"], ["encrypted_password", "$2a$12$R.8L8TMqvHTu5mELXpzf2uvqzTS.Zs8zgQtMIvUnf0r3z/axb4bnq"], ["created_at", "2021-08-10 17:54:32.187557"], ["updated_at", "2021-08-10 17:54:32.187557"], ["authentication_token", "BGPBS6VME2DExseKZZg8"]]
  [1m[36mTRANSACTION (0.3ms)[0m  [1m[35mCOMMIT[0m
  [1m[36mMember Load (1.2ms)[0m  [1m[34mSELECT "members".* FROM "members" /* loading for inspect */ LIMIT $1[0m  [["LIMIT", 11]]
